<?xml version="1.0" encoding="UTF-8"?>
<testsuite name="com.emse.spring.faircorp.hello.GreetingServiceTest" tests="1" skipped="0" failures="0" errors="0" timestamp="2022-09-13T10:11:10" hostname="LAPTOP-OLTCC0CB" time="0.108">
  <properties/>
  <testcase name="testGreeting(CapturedOutput)" classname="com.emse.spring.faircorp.hello.GreetingServiceTest" time="0.108"/>
  <system-out><![CDATA[Hello, Spring!
]]></system-out>
  <system-err><![CDATA[]]></system-err>
</testsuite>
